# JRE version: OpenJDK Runtime Environment JBR-11.0.14.1.1-1751.46-jcef (11.0.14.1+1) (build 11.0.14.1+1-b1751.46)
# Java VM: OpenJDK 64-Bit Server VM JBR-11.0.14.1.1-1751.46-jcef (11.0.14.1+1-b1751.46, mixed mode, tiered, compressed oops, g1 gc, windows-amd64)
Heap:
 garbage-first heap   total 262144K, used 16415K [0x00000000e0c00000, 0x0000000100000000)
  region size 1024K, 11 young (11264K), 1 survivors (1024K)
 Metaspace       used 22212K, capacity 22862K, committed 22960K, reserved 1069056K
  class space    used 2278K, capacity 2528K, committed 2560K, reserved 1048576K
GC Heap History (6 events):
Event: 7.224 GC heap before
{Heap before GC invocations=0 (full 0):
 garbage-first heap   total 262144K, used 23552K [0x00000000e0c00000, 0x0000000100000000)
  region size 1024K, 24 young (24576K), 0 survivors (0K)
 Metaspace       used 14747K, capacity 15303K, committed 15360K, reserved 1062912K
  class space    used 1520K, capacity 1740K, committed 1792K, reserved 1048576K
}
Event: 7.227 GC heap after
{Heap after GC invocations=1 (full 0):
 garbage-first heap   total 262144K, used 4931K [0x00000000e0c00000, 0x0000000100000000)
  region size 1024K, 3 young (3072K), 3 survivors (3072K)
 Metaspace       used 14747K, capacity 15303K, committed 15360K, reserved 1062912K
  class space    used 1520K, capacity 1740K, committed 1792K, reserved 1048576K
}
Event: 7.539 GC heap before
{Heap before GC invocations=1 (full 0):
 garbage-first heap   total 262144K, used 13123K [0x00000000e0c00000, 0x0000000100000000)
  region size 1024K, 12 young (12288K), 3 survivors (3072K)
 Metaspace       used 20609K, capacity 21180K, committed 21296K, reserved 1069056K
  class space    used 2166K, capacity 2415K, committed 2432K, reserved 1048576K
}
Event: 7.543 GC heap after
{Heap after GC invocations=2 (full 0):
 garbage-first heap   total 262144K, used 6391K [0x00000000e0c00000, 0x0000000100000000)
  region size 1024K, 5 young (5120K), 5 survivors (5120K)
 Metaspace       used 20609K, capacity 21180K, committed 21296K, reserved 1069056K
  class space    used 2166K, capacity 2415K, committed 2432K, reserved 1048576K
}
Event: 7.981 GC heap before
{Heap before GC invocations=3 (full 0):
 garbage-first heap   total 262144K, used 15607K [0x00000000e0c00000, 0x0000000100000000)
  region size 1024K, 14 young (14336K), 5 survivors (5120K)
 Metaspace       used 21899K, capacity 22612K, committed 22960K, reserved 1069056K
  class space    used 2259K, capacity 2504K, committed 2560K, reserved 1048576K
}
Event: 7.983 GC heap after
{Heap after GC invocations=4 (full 0):
 garbage-first heap   total 262144K, used 7199K [0x00000000e0c00000, 0x0000000100000000)
  region size 1024K, 1 young (1024K), 1 survivors (1024K)
 Metaspace       used 21899K, capacity 22612K, committed 22960K, reserved 1069056K
  class space    used 2259K, capacity 2504K, committed 2560K, reserved 1048576K
}

