# JRE version: OpenJDK Runtime Environment JBR-11.0.14.1.1-1751.46-jcef (11.0.14.1+1) (build 11.0.14.1+1-b1751.46)
# Java VM: OpenJDK 64-Bit Server VM JBR-11.0.14.1.1-1751.46-jcef (11.0.14.1+1-b1751.46, mixed mode, tiered, compressed oops, g1 gc, windows-amd64)
Heap:
 garbage-first heap   total 262144K, used 7122K [0x00000000e0c00000, 0x0000000100000000)
  region size 1024K, 1 young (1024K), 1 survivors (1024K)
 Metaspace       used 22466K, capacity 23124K, committed 23216K, reserved 1079296K
  class space    used 2286K, capacity 2529K, committed 2560K, reserved 1048576K
GC Heap History (8 events):
Event: 1.025 GC heap before
{Heap before GC invocations=0 (full 0):
 garbage-first heap   total 262144K, used 23552K [0x00000000e0c00000, 0x0000000100000000)
  region size 1024K, 24 young (24576K), 0 survivors (0K)
 Metaspace       used 14746K, capacity 15303K, committed 15360K, reserved 1062912K
  class space    used 1521K, capacity 1740K, committed 1792K, reserved 1048576K
}
Event: 1.038 GC heap after
{Heap after GC invocations=1 (full 0):
 garbage-first heap   total 262144K, used 5163K [0x00000000e0c00000, 0x0000000100000000)
  region size 1024K, 3 young (3072K), 3 survivors (3072K)
 Metaspace       used 14746K, capacity 15303K, committed 15360K, reserved 1062912K
  class space    used 1521K, capacity 1740K, committed 1792K, reserved 1048576K
}
Event: 1.460 GC heap before
{Heap before GC invocations=1 (full 0):
 garbage-first heap   total 262144K, used 14379K [0x00000000e0c00000, 0x0000000100000000)
  region size 1024K, 13 young (13312K), 3 survivors (3072K)
 Metaspace       used 20606K, capacity 21180K, committed 21296K, reserved 1069056K
  class space    used 2166K, capacity 2415K, committed 2432K, reserved 1048576K
}
Event: 1.466 GC heap after
{Heap after GC invocations=2 (full 0):
 garbage-first heap   total 262144K, used 6497K [0x00000000e0c00000, 0x0000000100000000)
  region size 1024K, 5 young (5120K), 5 survivors (5120K)
 Metaspace       used 20606K, capacity 21180K, committed 21296K, reserved 1069056K
  class space    used 2166K, capacity 2415K, committed 2432K, reserved 1048576K
}
Event: 2.234 GC heap before
{Heap before GC invocations=3 (full 0):
 garbage-first heap   total 262144K, used 17761K [0x00000000e0c00000, 0x0000000100000000)
  region size 1024K, 16 young (16384K), 5 survivors (5120K)
 Metaspace       used 21986K, capacity 22634K, committed 22960K, reserved 1069056K
  class space    used 2262K, capacity 2509K, committed 2560K, reserved 1048576K
}
Event: 2.245 GC heap after
{Heap after GC invocations=4 (full 0):
 garbage-first heap   total 262144K, used 7217K [0x00000000e0c00000, 0x0000000100000000)
  region size 1024K, 1 young (1024K), 1 survivors (1024K)
 Metaspace       used 21986K, capacity 22634K, committed 22960K, reserved 1069056K
  class space    used 2262K, capacity 2509K, committed 2560K, reserved 1048576K
}
Event: 9.616 GC heap before
{Heap before GC invocations=4 (full 0):
 garbage-first heap   total 262144K, used 17457K [0x00000000e0c00000, 0x0000000100000000)
  region size 1024K, 12 young (12288K), 1 survivors (1024K)
 Metaspace       used 22466K, capacity 23124K, committed 23216K, reserved 1077248K
  class space    used 2286K, capacity 2529K, committed 2560K, reserved 1048576K
}
Event: 9.617 GC heap after
{Heap after GC invocations=5 (full 0):
 garbage-first heap   total 262144K, used 7122K [0x00000000e0c00000, 0x0000000100000000)
  region size 1024K, 1 young (1024K), 1 survivors (1024K)
 Metaspace       used 22466K, capacity 23124K, committed 23216K, reserved 1077248K
  class space    used 2286K, capacity 2529K, committed 2560K, reserved 1048576K
}

